c:\users\akalanka\desktop\console-menu-framework-master\console-menu-framework-master\console_menu_framework_v2\x64\debug\console_menu_framework_v2.pch
c:\users\akalanka\desktop\console-menu-framework-master\console-menu-framework-master\console_menu_framework_v2\x64\debug\vc142.pdb
c:\users\akalanka\desktop\console-menu-framework-master\console-menu-framework-master\console_menu_framework_v2\x64\debug\vc142.idb
c:\users\akalanka\desktop\console-menu-framework-master\console-menu-framework-master\console_menu_framework_v2\x64\debug\pch.obj
c:\users\akalanka\desktop\console-menu-framework-master\console-menu-framework-master\console_menu_framework_v2\x64\debug\menu_item_base.obj
c:\users\akalanka\desktop\console-menu-framework-master\console-menu-framework-master\console_menu_framework_v2\x64\debug\menu.obj
c:\users\akalanka\desktop\console-menu-framework-master\console-menu-framework-master\console_menu_framework_v2\x64\debug\main.obj
c:\users\akalanka\desktop\console-menu-framework-master\console-menu-framework-master\console_menu_framework_v2\x64\debug\list_item.obj
c:\users\akalanka\desktop\console-menu-framework-master\console-menu-framework-master\console_menu_framework_v2\x64\debug\int_item.obj
c:\users\akalanka\desktop\console-menu-framework-master\console-menu-framework-master\console_menu_framework_v2\x64\debug\float_item.obj
c:\users\akalanka\desktop\console-menu-framework-master\console-menu-framework-master\console_menu_framework_v2\x64\debug\bool_item.obj
c:\users\akalanka\desktop\console-menu-framework-master\console-menu-framework-master\x64\debug\console_menu_framework_v2.ilk
c:\users\akalanka\desktop\console-menu-framework-master\console-menu-framework-master\x64\debug\console_menu_framework_v2.exe
c:\users\akalanka\desktop\console-menu-framework-master\console-menu-framework-master\x64\debug\console_menu_framework_v2.pdb
c:\users\akalanka\desktop\console-menu-framework-master\console-menu-framework-master\console_menu_framework_v2\x64\debug\console_.23902369.tlog\cl.command.1.tlog
c:\users\akalanka\desktop\console-menu-framework-master\console-menu-framework-master\console_menu_framework_v2\x64\debug\console_.23902369.tlog\cl.read.1.tlog
c:\users\akalanka\desktop\console-menu-framework-master\console-menu-framework-master\console_menu_framework_v2\x64\debug\console_.23902369.tlog\cl.write.1.tlog
c:\users\akalanka\desktop\console-menu-framework-master\console-menu-framework-master\console_menu_framework_v2\x64\debug\console_.23902369.tlog\link.command.1.tlog
c:\users\akalanka\desktop\console-menu-framework-master\console-menu-framework-master\console_menu_framework_v2\x64\debug\console_.23902369.tlog\link.read.1.tlog
c:\users\akalanka\desktop\console-menu-framework-master\console-menu-framework-master\console_menu_framework_v2\x64\debug\console_.23902369.tlog\link.write.1.tlog
